# JRE version: OpenJDK Runtime Environment Temurin-22.0.2+9 (22.0.2+9) (build 22.0.2+9)
# Java VM: OpenJDK 64-Bit Server VM Temurin-22.0.2+9 (22.0.2+9, mixed mode, emulated-client, tiered, compressed oops, compressed class ptrs, g1 gc, windows-amd64)
GC Precious Log:
 CardTable entry size: 512
 Card Set container configuration: InlinePtr #cards 4 size 8 Array Of Cards #cards 16 size 48 Howl #buckets 8 coarsen threshold 3686 Howl Bitmap #cards 512 size 80 coarsen threshold 460 Card regions per heap region 1 cards per card region 4096
 CPUs: 16 total, 16 available
 Memory: 14086M
 Large Page Support: Disabled
 NUMA Support: Disabled
 Compressed Oops: Enabled (Zero based)
 Heap Region Size: 2M
 Heap Min Capacity: 8M
 Heap Initial Capacity: 222M
 Heap Max Capacity: 3522M
 Pre-touch: Disabled
 Parallel Workers: 13
 Concurrent Workers: 3
 Concurrent Refinement Workers: 13
 Periodic GC: Disabled
Heap:
 garbage-first heap   total reserved 3606528K, committed 122880K, used 40169K [0x0000000723e00000, 0x0000000800000000)
  region size 2048K, 7 young (14336K), 4 survivors (8192K)
 Metaspace       used 93111K, committed 94272K, reserved 1179648K
  class space    used 12765K, committed 13184K, reserved 1048576K
GC Heap History (20 events):
Event: 3178.778 GC heap before
{Heap before GC invocations=79 (full 5):
 garbage-first heap   total reserved 3606528K, committed 116736K, used 94833K [0x0000000723e00000, 0x0000000800000000)
  region size 2048K, 30 young (61440K), 4 survivors (8192K)
 Metaspace       used 93557K, committed 94400K, reserved 1179648K
  class space    used 12818K, committed 13184K, reserved 1048576K
}
Event: 3178.785 GC heap after
{Heap after GC invocations=80 (full 5):
 garbage-first heap   total reserved 3606528K, committed 116736K, used 42124K [0x0000000723e00000, 0x0000000800000000)
  region size 2048K, 1 young (2048K), 1 survivors (2048K)
 Metaspace       used 93557K, committed 94400K, reserved 1179648K
  class space    used 12818K, committed 13184K, reserved 1048576K
}
Event: 3258.004 GC heap before
{Heap before GC invocations=81 (full 5):
 garbage-first heap   total reserved 3606528K, committed 116736K, used 99468K [0x0000000723e00000, 0x0000000800000000)
  region size 2048K, 29 young (59392K), 1 survivors (2048K)
 Metaspace       used 93396K, committed 94400K, reserved 1179648K
  class space    used 12778K, committed 13184K, reserved 1048576K
}
Event: 3258.006 GC heap after
{Heap after GC invocations=82 (full 5):
 garbage-first heap   total reserved 3606528K, committed 141312K, used 41338K [0x0000000723e00000, 0x0000000800000000)
  region size 2048K, 1 young (2048K), 1 survivors (2048K)
 Metaspace       used 93396K, committed 94400K, reserved 1179648K
  class space    used 12778K, committed 13184K, reserved 1048576K
}
Event: 3368.148 GC heap before
{Heap before GC invocations=82 (full 5):
 garbage-first heap   total reserved 3606528K, committed 141312K, used 121210K [0x0000000723e00000, 0x0000000800000000)
  region size 2048K, 40 young (81920K), 1 survivors (2048K)
 Metaspace       used 93396K, committed 94400K, reserved 1179648K
  class space    used 12778K, committed 13184K, reserved 1048576K
}
Event: 3368.150 GC heap after
{Heap after GC invocations=83 (full 5):
 garbage-first heap   total reserved 3606528K, committed 141312K, used 39248K [0x0000000723e00000, 0x0000000800000000)
  region size 2048K, 1 young (2048K), 1 survivors (2048K)
 Metaspace       used 93396K, committed 94400K, reserved 1179648K
  class space    used 12778K, committed 13184K, reserved 1048576K
}
Event: 3482.034 GC heap before
{Heap before GC invocations=83 (full 5):
 garbage-first heap   total reserved 3606528K, committed 141312K, used 121168K [0x0000000723e00000, 0x0000000800000000)
  region size 2048K, 41 young (83968K), 1 survivors (2048K)
 Metaspace       used 93396K, committed 94400K, reserved 1179648K
  class space    used 12778K, committed 13184K, reserved 1048576K
}
Event: 3482.036 GC heap after
{Heap after GC invocations=84 (full 5):
 garbage-first heap   total reserved 3606528K, committed 141312K, used 39186K [0x0000000723e00000, 0x0000000800000000)
  region size 2048K, 1 young (2048K), 1 survivors (2048K)
 Metaspace       used 93396K, committed 94400K, reserved 1179648K
  class space    used 12778K, committed 13184K, reserved 1048576K
}
Event: 3596.614 GC heap before
{Heap before GC invocations=85 (full 5):
 garbage-first heap   total reserved 3606528K, committed 141312K, used 121106K [0x0000000723e00000, 0x0000000800000000)
  region size 2048K, 41 young (83968K), 1 survivors (2048K)
 Metaspace       used 92615K, committed 94272K, reserved 1179648K
  class space    used 12683K, committed 13184K, reserved 1048576K
}
Event: 3596.616 GC heap after
{Heap after GC invocations=86 (full 5):
 garbage-first heap   total reserved 3606528K, committed 141312K, used 39101K [0x0000000723e00000, 0x0000000800000000)
  region size 2048K, 1 young (2048K), 1 survivors (2048K)
 Metaspace       used 92615K, committed 94272K, reserved 1179648K
  class space    used 12683K, committed 13184K, reserved 1048576K
}
Event: 3710.005 GC heap before
{Heap before GC invocations=86 (full 5):
 garbage-first heap   total reserved 3606528K, committed 141312K, used 121021K [0x0000000723e00000, 0x0000000800000000)
  region size 2048K, 41 young (83968K), 1 survivors (2048K)
 Metaspace       used 92615K, committed 94272K, reserved 1179648K
  class space    used 12683K, committed 13184K, reserved 1048576K
}
Event: 3710.007 GC heap after
{Heap after GC invocations=87 (full 5):
 garbage-first heap   total reserved 3606528K, committed 141312K, used 38586K [0x0000000723e00000, 0x0000000800000000)
  region size 2048K, 1 young (2048K), 1 survivors (2048K)
 Metaspace       used 92615K, committed 94272K, reserved 1179648K
  class space    used 12683K, committed 13184K, reserved 1048576K
}
Event: 3823.439 GC heap before
{Heap before GC invocations=87 (full 5):
 garbage-first heap   total reserved 3606528K, committed 141312K, used 120506K [0x0000000723e00000, 0x0000000800000000)
  region size 2048K, 41 young (83968K), 1 survivors (2048K)
 Metaspace       used 92615K, committed 94272K, reserved 1179648K
  class space    used 12683K, committed 13184K, reserved 1048576K
}
Event: 3823.441 GC heap after
{Heap after GC invocations=88 (full 5):
 garbage-first heap   total reserved 3606528K, committed 141312K, used 38579K [0x0000000723e00000, 0x0000000800000000)
  region size 2048K, 1 young (2048K), 1 survivors (2048K)
 Metaspace       used 92615K, committed 94272K, reserved 1179648K
  class space    used 12683K, committed 13184K, reserved 1048576K
}
Event: 3936.337 GC heap before
{Heap before GC invocations=89 (full 5):
 garbage-first heap   total reserved 3606528K, committed 141312K, used 120499K [0x0000000723e00000, 0x0000000800000000)
  region size 2048K, 41 young (83968K), 1 survivors (2048K)
 Metaspace       used 92615K, committed 94272K, reserved 1179648K
  class space    used 12683K, committed 13184K, reserved 1048576K
}
Event: 3936.339 GC heap after
{Heap after GC invocations=90 (full 5):
 garbage-first heap   total reserved 3606528K, committed 141312K, used 38533K [0x0000000723e00000, 0x0000000800000000)
  region size 2048K, 1 young (2048K), 1 survivors (2048K)
 Metaspace       used 92615K, committed 94272K, reserved 1179648K
  class space    used 12683K, committed 13184K, reserved 1048576K
}
Event: 3944.549 GC heap before
{Heap before GC invocations=90 (full 5):
 garbage-first heap   total reserved 3606528K, committed 141312K, used 46725K [0x0000000723e00000, 0x0000000800000000)
  region size 2048K, 6 young (12288K), 1 survivors (2048K)
 Metaspace       used 92633K, committed 94272K, reserved 1179648K
  class space    used 12687K, committed 13184K, reserved 1048576K
}
Event: 3944.607 GC heap after
{Heap after GC invocations=91 (full 6):
 garbage-first heap   total reserved 3606528K, committed 122880K, used 29673K [0x0000000723e00000, 0x0000000800000000)
  region size 2048K, 0 young (0K), 0 survivors (0K)
 Metaspace       used 92622K, committed 94272K, reserved 1179648K
  class space    used 12684K, committed 13184K, reserved 1048576K
}
Event: 3945.210 GC heap before
{Heap before GC invocations=91 (full 6):
 garbage-first heap   total reserved 3606528K, committed 122880K, used 101353K [0x0000000723e00000, 0x0000000800000000)
  region size 2048K, 36 young (73728K), 0 survivors (0K)
 Metaspace       used 93082K, committed 94272K, reserved 1179648K
  class space    used 12763K, committed 13184K, reserved 1048576K
}
Event: 3945.215 GC heap after
{Heap after GC invocations=92 (full 6):
 garbage-first heap   total reserved 3606528K, committed 122880K, used 36073K [0x0000000723e00000, 0x0000000800000000)
  region size 2048K, 4 young (8192K), 4 survivors (8192K)
 Metaspace       used 93082K, committed 94272K, reserved 1179648K
  class space    used 12763K, committed 13184K, reserved 1048576K
}

